2025-11-23 00:03:46 INFO  org.mongodb.driver.cluster - Exception in monitor thread while connecting to server ac-nfm0qxm-shard-00-02.psz1sm9.mongodb.net:27017
com.mongodb.MongoSocketReadTimeoutException: Timeout while receiving message
	at com.mongodb.internal.connection.InternalStreamConnection.createReadTimeoutException(InternalStreamConnection.java:819)
	at com.mongodb.internal.connection.InternalStreamConnection.translateReadException(InternalStreamConnection.java:807)
	at com.mongodb.internal.connection.InternalStreamConnection.receiveResponseBuffers(InternalStreamConnection.java:857)
	at com.mongodb.internal.connection.InternalStreamConnection.receiveCommandMessageResponse(InternalStreamConnection.java:517)
	at com.mongodb.internal.connection.InternalStreamConnection.receive(InternalStreamConnection.java:469)
	at com.mongodb.internal.connection.DefaultServerMonitor$ServerMonitor.lookupServerDescription(DefaultServerMonitor.java:249)
	at com.mongodb.internal.connection.DefaultServerMonitor$ServerMonitor.run(DefaultServerMonitor.java:176)
Caused by: java.net.SocketTimeoutException: Read timed out
	at java.base/sun.nio.ch.NioSocketImpl.timedRead(NioSocketImpl.java:278)
	at java.base/sun.nio.ch.NioSocketImpl.implRead(NioSocketImpl.java:304)
	at java.base/sun.nio.ch.NioSocketImpl.read(NioSocketImpl.java:346)
	at java.base/sun.nio.ch.NioSocketImpl$1.read(NioSocketImpl.java:796)
	at java.base/java.net.Socket$SocketInputStream.read(Socket.java:1099)
	at java.base/sun.security.ssl.SSLSocketInputRecord.read(SSLSocketInputRecord.java:489)
	at java.base/sun.security.ssl.SSLSocketInputRecord.readHeader(SSLSocketInputRecord.java:483)
	at java.base/sun.security.ssl.SSLSocketInputRecord.bytesInCompletePacket(SSLSocketInputRecord.java:70)
	at java.base/sun.security.ssl.SSLSocketImpl.readApplicationRecord(SSLSocketImpl.java:1461)
	at java.base/sun.security.ssl.SSLSocketImpl$AppInputStream.read(SSLSocketImpl.java:1066)
	at com.mongodb.internal.connection.SocketStream.read(SocketStream.java:182)
	at com.mongodb.internal.connection.InternalStreamConnection.receiveResponseBuffers(InternalStreamConnection.java:824)
	... 4 common frames omitted
2025-11-23 00:03:46 INFO  org.mongodb.driver.cluster - Exception in monitor thread while connecting to server ac-nfm0qxm-shard-00-01.psz1sm9.mongodb.net:27017
com.mongodb.MongoSocketReadTimeoutException: Timeout while receiving message
	at com.mongodb.internal.connection.InternalStreamConnection.createReadTimeoutException(InternalStreamConnection.java:819)
	at com.mongodb.internal.connection.InternalStreamConnection.translateReadException(InternalStreamConnection.java:807)
	at com.mongodb.internal.connection.InternalStreamConnection.receiveResponseBuffers(InternalStreamConnection.java:857)
	at com.mongodb.internal.connection.InternalStreamConnection.receiveCommandMessageResponse(InternalStreamConnection.java:517)
	at com.mongodb.internal.connection.InternalStreamConnection.receive(InternalStreamConnection.java:469)
	at com.mongodb.internal.connection.DefaultServerMonitor$ServerMonitor.lookupServerDescription(DefaultServerMonitor.java:249)
	at com.mongodb.internal.connection.DefaultServerMonitor$ServerMonitor.run(DefaultServerMonitor.java:176)
Caused by: java.net.SocketTimeoutException: Read timed out
	at java.base/sun.nio.ch.NioSocketImpl.timedRead(NioSocketImpl.java:278)
	at java.base/sun.nio.ch.NioSocketImpl.implRead(NioSocketImpl.java:304)
	at java.base/sun.nio.ch.NioSocketImpl.read(NioSocketImpl.java:346)
	at java.base/sun.nio.ch.NioSocketImpl$1.read(NioSocketImpl.java:796)
	at java.base/java.net.Socket$SocketInputStream.read(Socket.java:1099)
	at java.base/sun.security.ssl.SSLSocketInputRecord.read(SSLSocketInputRecord.java:489)
	at java.base/sun.security.ssl.SSLSocketInputRecord.readHeader(SSLSocketInputRecord.java:483)
	at java.base/sun.security.ssl.SSLSocketInputRecord.bytesInCompletePacket(SSLSocketInputRecord.java:70)
	at java.base/sun.security.ssl.SSLSocketImpl.readApplicationRecord(SSLSocketImpl.java:1461)
	at java.base/sun.security.ssl.SSLSocketImpl$AppInputStream.read(SSLSocketImpl.java:1066)
	at com.mongodb.internal.connection.SocketStream.read(SocketStream.java:182)
	at com.mongodb.internal.connection.InternalStreamConnection.receiveResponseBuffers(InternalStreamConnection.java:824)
	... 4 common frames omitted
2025-11-23 00:03:46 INFO  org.mongodb.driver.cluster - Monitor thread successfully connected to server with description ServerDescription{address=ac-nfm0qxm-shard-00-02.psz1sm9.mongodb.net:27017, type=REPLICA_SET_SECONDARY, cryptd=false, state=CONNECTED, ok=true, minWireVersion=0, maxWireVersion=25, maxDocumentSize=16777216, logicalSessionTimeoutMinutes=30, roundTripTimeNanos=60957400, minRoundTripTimeNanos=0, setName='atlas-11vv9k-shard-0', canonicalAddress=ac-nfm0qxm-shard-00-02.psz1sm9.mongodb.net:27017, hosts=[ac-nfm0qxm-shard-00-02.psz1sm9.mongodb.net:27017, ac-nfm0qxm-shard-00-00.psz1sm9.mongodb.net:27017, ac-nfm0qxm-shard-00-01.psz1sm9.mongodb.net:27017], passives=[], arbiters=[], primary='ac-nfm0qxm-shard-00-01.psz1sm9.mongodb.net:27017', tagSet=TagSet{[Tag{name='availabilityZone', value='aps1-az2'}, Tag{name='diskState', value='READY'}, Tag{name='nodeType', value='ELECTABLE'}, Tag{name='provider', value='AWS'}, Tag{name='region', value='AP_SOUTH_1'}, Tag{name='workloadType', value='OPERATIONAL'}]}, electionId=null, setVersion=302, topologyVersion=TopologyVersion{processId=692096ef1d3fc1f1d10204f8, counter=3}, lastWriteDate=Sun Nov 23 00:03:45 IST 2025, lastUpdateTimeNanos=357644199527700}
2025-11-23 00:03:46 INFO  org.mongodb.driver.cluster - Monitor thread successfully connected to server with description ServerDescription{address=ac-nfm0qxm-shard-00-01.psz1sm9.mongodb.net:27017, type=REPLICA_SET_PRIMARY, cryptd=false, state=CONNECTED, ok=true, minWireVersion=0, maxWireVersion=25, maxDocumentSize=16777216, logicalSessionTimeoutMinutes=30, roundTripTimeNanos=93181700, minRoundTripTimeNanos=0, setName='atlas-11vv9k-shard-0', canonicalAddress=ac-nfm0qxm-shard-00-01.psz1sm9.mongodb.net:27017, hosts=[ac-nfm0qxm-shard-00-02.psz1sm9.mongodb.net:27017, ac-nfm0qxm-shard-00-00.psz1sm9.mongodb.net:27017, ac-nfm0qxm-shard-00-01.psz1sm9.mongodb.net:27017], passives=[], arbiters=[], primary='ac-nfm0qxm-shard-00-01.psz1sm9.mongodb.net:27017', tagSet=TagSet{[Tag{name='availabilityZone', value='aps1-az3'}, Tag{name='diskState', value='READY'}, Tag{name='nodeType', value='ELECTABLE'}, Tag{name='provider', value='AWS'}, Tag{name='region', value='AP_SOUTH_1'}, Tag{name='workloadType', value='OPERATIONAL'}]}, electionId=7fffffff000000000000012b, setVersion=302, topologyVersion=TopologyVersion{processId=692093ed496bf8e4882271ce, counter=6}, lastWriteDate=Sun Nov 23 00:03:45 IST 2025, lastUpdateTimeNanos=357644241135000}
2025-11-23 00:03:46 INFO  org.mongodb.driver.cluster - Discovered replica set primary ac-nfm0qxm-shard-00-01.psz1sm9.mongodb.net:27017 with max election id 7fffffff000000000000012b and max set version 302
2025-11-23 00:03:47 INFO  org.mongodb.driver.cluster - Exception in monitor thread while connecting to server ac-nfm0qxm-shard-00-00.psz1sm9.mongodb.net:27017
com.mongodb.MongoSocketReadTimeoutException: Timeout while receiving message
	at com.mongodb.internal.connection.InternalStreamConnection.createReadTimeoutException(InternalStreamConnection.java:819)
	at com.mongodb.internal.connection.InternalStreamConnection.translateReadException(InternalStreamConnection.java:807)
	at com.mongodb.internal.connection.InternalStreamConnection.receiveResponseBuffers(InternalStreamConnection.java:857)
	at com.mongodb.internal.connection.InternalStreamConnection.receiveCommandMessageResponse(InternalStreamConnection.java:517)
	at com.mongodb.internal.connection.InternalStreamConnection.receive(InternalStreamConnection.java:469)
	at com.mongodb.internal.connection.DefaultServerMonitor$ServerMonitor.lookupServerDescription(DefaultServerMonitor.java:249)
	at com.mongodb.internal.connection.DefaultServerMonitor$ServerMonitor.run(DefaultServerMonitor.java:176)
Caused by: java.net.SocketTimeoutException: Read timed out
	at java.base/sun.nio.ch.NioSocketImpl.timedRead(NioSocketImpl.java:278)
	at java.base/sun.nio.ch.NioSocketImpl.implRead(NioSocketImpl.java:304)
	at java.base/sun.nio.ch.NioSocketImpl.read(NioSocketImpl.java:346)
	at java.base/sun.nio.ch.NioSocketImpl$1.read(NioSocketImpl.java:796)
	at java.base/java.net.Socket$SocketInputStream.read(Socket.java:1099)
	at java.base/sun.security.ssl.SSLSocketInputRecord.read(SSLSocketInputRecord.java:489)
	at java.base/sun.security.ssl.SSLSocketInputRecord.readHeader(SSLSocketInputRecord.java:483)
	at java.base/sun.security.ssl.SSLSocketInputRecord.bytesInCompletePacket(SSLSocketInputRecord.java:70)
	at java.base/sun.security.ssl.SSLSocketImpl.readApplicationRecord(SSLSocketImpl.java:1461)
	at java.base/sun.security.ssl.SSLSocketImpl$AppInputStream.read(SSLSocketImpl.java:1066)
	at com.mongodb.internal.connection.SocketStream.read(SocketStream.java:182)
	at com.mongodb.internal.connection.InternalStreamConnection.receiveResponseBuffers(InternalStreamConnection.java:824)
	... 4 common frames omitted
2025-11-23 00:03:47 INFO  org.mongodb.driver.cluster - Monitor thread successfully connected to server with description ServerDescription{address=ac-nfm0qxm-shard-00-00.psz1sm9.mongodb.net:27017, type=REPLICA_SET_SECONDARY, cryptd=false, state=CONNECTED, ok=true, minWireVersion=0, maxWireVersion=25, maxDocumentSize=16777216, logicalSessionTimeoutMinutes=30, roundTripTimeNanos=91434800, minRoundTripTimeNanos=0, setName='atlas-11vv9k-shard-0', canonicalAddress=ac-nfm0qxm-shard-00-00.psz1sm9.mongodb.net:27017, hosts=[ac-nfm0qxm-shard-00-02.psz1sm9.mongodb.net:27017, ac-nfm0qxm-shard-00-00.psz1sm9.mongodb.net:27017, ac-nfm0qxm-shard-00-01.psz1sm9.mongodb.net:27017], passives=[], arbiters=[], primary='ac-nfm0qxm-shard-00-01.psz1sm9.mongodb.net:27017', tagSet=TagSet{[Tag{name='availabilityZone', value='aps1-az1'}, Tag{name='diskState', value='READY'}, Tag{name='nodeType', value='ELECTABLE'}, Tag{name='provider', value='AWS'}, Tag{name='region', value='AP_SOUTH_1'}, Tag{name='workloadType', value='OPERATIONAL'}]}, electionId=null, setVersion=302, topologyVersion=TopologyVersion{processId=692091c77a988d10fbbaea17, counter=4}, lastWriteDate=Sun Nov 23 00:03:46 IST 2025, lastUpdateTimeNanos=357645538802000}
2025-11-23 00:09:21 INFO  in.astik.service.FoodServiceImpl - Inside getAllFoods
2025-11-23 00:09:39 INFO  in.astik.service.FoodServiceImpl - Inside getAllFoods
2025-11-23 00:23:55 INFO  o.s.b.a.SpringApplicationAdminMXBeanRegistrar$SpringApplicationAdmin - Application shutdown requested.
2025-11-23 00:23:55 INFO  o.s.b.w.e.tomcat.GracefulShutdown - Commencing graceful shutdown. Waiting for active requests to complete
2025-11-23 00:23:55 INFO  o.a.coyote.http11.Http11NioProtocol - Pausing ProtocolHandler ["http-nio-8080"]
2025-11-23 00:23:55 INFO  o.s.b.w.e.tomcat.GracefulShutdown - Graceful shutdown complete
2025-11-23 00:23:55 INFO  o.a.coyote.http11.Http11NioProtocol - Stopping ProtocolHandler ["http-nio-8080"]
2025-11-23 00:55:44 INFO  o.h.validator.internal.util.Version - HV000001: Hibernate Validator 8.0.3.Final
2025-11-23 00:55:44 INFO  in.astik.FoodiesapiApplication - Starting FoodiesapiApplication using Java 21.0.9 with PID 34612 (D:\ASTIK_Code\SpringbootProject\foodiesapi\target\classes started by astik in D:\ASTIK_Code\SpringbootProject\foodiesapi)
2025-11-23 00:55:44 INFO  in.astik.FoodiesapiApplication - No active profile set, falling back to 1 default profile: "default"
2025-11-23 00:55:44 INFO  o.s.b.d.e.DevToolsPropertyDefaultsPostProcessor - Devtools property defaults active! Set 'spring.devtools.add-properties' to 'false' to disable
2025-11-23 00:55:44 INFO  o.s.b.d.e.DevToolsPropertyDefaultsPostProcessor - For additional web related logging consider setting the 'logging.level.web' property to 'DEBUG'
2025-11-23 00:55:45 INFO  o.s.d.r.c.RepositoryConfigurationDelegate - Bootstrapping Spring Data MongoDB repositories in DEFAULT mode.
2025-11-23 00:55:45 INFO  o.s.d.r.c.RepositoryConfigurationDelegate - Finished Spring Data repository scanning in 87 ms. Found 3 MongoDB repository interfaces.
2025-11-23 00:55:46 INFO  o.s.b.w.e.tomcat.TomcatWebServer - Tomcat initialized with port 8080 (http)
2025-11-23 00:55:46 INFO  o.a.coyote.http11.Http11NioProtocol - Initializing ProtocolHandler ["http-nio-8080"]
2025-11-23 00:55:46 INFO  o.a.catalina.core.StandardService - Starting service [Tomcat]
2025-11-23 00:55:46 INFO  o.a.catalina.core.StandardEngine - Starting Servlet engine: [Apache Tomcat/10.1.48]
2025-11-23 00:55:46 INFO  o.a.c.c.C.[Tomcat].[localhost].[/] - Initializing Spring embedded WebApplicationContext
2025-11-23 00:55:46 INFO  o.s.b.w.s.c.ServletWebServerApplicationContext - Root WebApplicationContext: initialization completed in 1960 ms
2025-11-23 00:55:47 INFO  org.mongodb.driver.cluster - Adding discovered server ac-nfm0qxm-shard-00-00.psz1sm9.mongodb.net:27017 to client view of cluster
2025-11-23 00:55:47 INFO  org.mongodb.driver.client - MongoClient with metadata {"application": {"name": "Cluster0/foodies"}, "driver": {"name": "mongo-java-driver|sync|spring-boot", "version": "5.5.2"}, "os": {"type": "Windows", "name": "Windows 11", "architecture": "amd64", "version": "10.0"}, "platform": "Java/Eclipse Adoptium/21.0.9+10-LTS"} created with settings MongoClientSettings{readPreference=primary, writeConcern=WriteConcern{w=null, wTimeout=null ms, journal=null}, retryWrites=true, retryReads=true, readConcern=ReadConcern{level=null}, credential=MongoCredential{mechanism=null, userName='astik', source='admin', password=<hidden>, mechanismProperties=<hidden>}, transportSettings=null, commandListeners=[], codecRegistry=ProvidersCodecRegistry{codecProviders=[ValueCodecProvider{}, BsonValueCodecProvider{}, DBRefCodecProvider{}, DBObjectCodecProvider{}, DocumentCodecProvider{}, CollectionCodecProvider{}, IterableCodecProvider{}, MapCodecProvider{}, GeoJsonCodecProvider{}, GridFSFileCodecProvider{}, Jsr310CodecProvider{}, JsonObjectCodecProvider{}, BsonCodecProvider{}, EnumCodecProvider{}, com.mongodb.client.model.mql.ExpressionCodecProvider@61e5b0c5, com.mongodb.Jep395RecordCodecProvider@76e029ae, com.mongodb.KotlinCodecProvider@55d018a3]}, loggerSettings=LoggerSettings{maxDocumentLength=1000}, clusterSettings={hosts=[127.0.0.1:27017], srvHost=cluster0.psz1sm9.mongodb.net, srvServiceName=mongodb, mode=MULTIPLE, requiredClusterType=REPLICA_SET, requiredReplicaSetName='atlas-11vv9k-shard-0', serverSelector='null', clusterListeners='[]', serverSelectionTimeout='30000 ms', localThreshold='15 ms'}, socketSettings=SocketSettings{connectTimeoutMS=10000, readTimeoutMS=0, receiveBufferSize=0, proxySettings=ProxySettings{host=null, port=null, username=null, password=null}}, heartbeatSocketSettings=SocketSettings{connectTimeoutMS=10000, readTimeoutMS=10000, receiveBufferSize=0, proxySettings=ProxySettings{host=null, port=null, username=null, password=null}}, connectionPoolSettings=ConnectionPoolSettings{maxSize=100, minSize=0, maxWaitTimeMS=120000, maxConnectionLifeTimeMS=0, maxConnectionIdleTimeMS=0, maintenanceInitialDelayMS=0, maintenanceFrequencyMS=60000, connectionPoolListeners=[], maxConnecting=2}, serverSettings=ServerSettings{heartbeatFrequencyMS=10000, minHeartbeatFrequencyMS=500, serverMonitoringMode=AUTO, serverListeners='[]', serverMonitorListeners='[]'}, sslSettings=SslSettings{enabled=true, invalidHostNameAllowed=false, context=null}, applicationName='Cluster0/foodies', compressorList=[], uuidRepresentation=JAVA_LEGACY, serverApi=null, autoEncryptionSettings=null, dnsClient=null, inetAddressResolver=null, contextProvider=null, timeoutMS=null}
2025-11-23 00:55:47 INFO  org.mongodb.driver.cluster - Adding discovered server ac-nfm0qxm-shard-00-02.psz1sm9.mongodb.net:27017 to client view of cluster
2025-11-23 00:55:47 INFO  org.mongodb.driver.cluster - Adding discovered server ac-nfm0qxm-shard-00-01.psz1sm9.mongodb.net:27017 to client view of cluster
2025-11-23 00:55:47 INFO  org.mongodb.driver.cluster - Monitor thread successfully connected to server with description ServerDescription{address=ac-nfm0qxm-shard-00-01.psz1sm9.mongodb.net:27017, type=REPLICA_SET_PRIMARY, cryptd=false, state=CONNECTED, ok=true, minWireVersion=0, maxWireVersion=25, maxDocumentSize=16777216, logicalSessionTimeoutMinutes=30, roundTripTimeNanos=340558300, minRoundTripTimeNanos=0, setName='atlas-11vv9k-shard-0', canonicalAddress=ac-nfm0qxm-shard-00-01.psz1sm9.mongodb.net:27017, hosts=[ac-nfm0qxm-shard-00-02.psz1sm9.mongodb.net:27017, ac-nfm0qxm-shard-00-00.psz1sm9.mongodb.net:27017, ac-nfm0qxm-shard-00-01.psz1sm9.mongodb.net:27017], passives=[], arbiters=[], primary='ac-nfm0qxm-shard-00-01.psz1sm9.mongodb.net:27017', tagSet=TagSet{[Tag{name='availabilityZone', value='aps1-az3'}, Tag{name='diskState', value='READY'}, Tag{name='nodeType', value='ELECTABLE'}, Tag{name='provider', value='AWS'}, Tag{name='region', value='AP_SOUTH_1'}, Tag{name='workloadType', value='OPERATIONAL'}]}, electionId=7fffffff000000000000012b, setVersion=302, topologyVersion=TopologyVersion{processId=692093ed496bf8e4882271ce, counter=6}, lastWriteDate=Sun Nov 23 00:55:46 IST 2025, lastUpdateTimeNanos=360765704517400}
2025-11-23 00:55:47 INFO  o.s.b.d.a.OptionalLiveReloadServer - LiveReload server is running on port 35729
2025-11-23 00:55:47 INFO  org.mongodb.driver.cluster - Discovered replica set primary ac-nfm0qxm-shard-00-01.psz1sm9.mongodb.net:27017 with max election id 7fffffff000000000000012b and max set version 302
2025-11-23 00:55:48 INFO  o.s.s.c.a.a.c.InitializeUserDetailsBeanManagerConfigurer$InitializeUserDetailsManagerConfigurer - Global AuthenticationManager configured with UserDetailsService bean with name appUserDetailService
2025-11-23 00:55:48 INFO  org.mongodb.driver.cluster - Monitor thread successfully connected to server with description ServerDescription{address=ac-nfm0qxm-shard-00-00.psz1sm9.mongodb.net:27017, type=REPLICA_SET_SECONDARY, cryptd=false, state=CONNECTED, ok=true, minWireVersion=0, maxWireVersion=25, maxDocumentSize=16777216, logicalSessionTimeoutMinutes=30, roundTripTimeNanos=113524500, minRoundTripTimeNanos=0, setName='atlas-11vv9k-shard-0', canonicalAddress=ac-nfm0qxm-shard-00-00.psz1sm9.mongodb.net:27017, hosts=[ac-nfm0qxm-shard-00-02.psz1sm9.mongodb.net:27017, ac-nfm0qxm-shard-00-00.psz1sm9.mongodb.net:27017, ac-nfm0qxm-shard-00-01.psz1sm9.mongodb.net:27017], passives=[], arbiters=[], primary='ac-nfm0qxm-shard-00-01.psz1sm9.mongodb.net:27017', tagSet=TagSet{[Tag{name='availabilityZone', value='aps1-az1'}, Tag{name='diskState', value='READY'}, Tag{name='nodeType', value='ELECTABLE'}, Tag{name='provider', value='AWS'}, Tag{name='region', value='AP_SOUTH_1'}, Tag{name='workloadType', value='OPERATIONAL'}]}, electionId=null, setVersion=302, topologyVersion=TopologyVersion{processId=692091c77a988d10fbbaea17, counter=4}, lastWriteDate=Sun Nov 23 00:55:47 IST 2025, lastUpdateTimeNanos=360766488662100}
2025-11-23 00:55:48 INFO  o.a.coyote.http11.Http11NioProtocol - Starting ProtocolHandler ["http-nio-8080"]
2025-11-23 00:55:48 INFO  o.s.b.w.e.tomcat.TomcatWebServer - Tomcat started on port 8080 (http) with context path '/'
2025-11-23 00:55:48 INFO  in.astik.FoodiesapiApplication - Started FoodiesapiApplication in 4.633 seconds (process running for 5.785)
2025-11-23 00:55:49 INFO  org.mongodb.driver.cluster - Monitor thread successfully connected to server with description ServerDescription{address=ac-nfm0qxm-shard-00-02.psz1sm9.mongodb.net:27017, type=REPLICA_SET_SECONDARY, cryptd=false, state=CONNECTED, ok=true, minWireVersion=0, maxWireVersion=25, maxDocumentSize=16777216, logicalSessionTimeoutMinutes=30, roundTripTimeNanos=145301400, minRoundTripTimeNanos=0, setName='atlas-11vv9k-shard-0', canonicalAddress=ac-nfm0qxm-shard-00-02.psz1sm9.mongodb.net:27017, hosts=[ac-nfm0qxm-shard-00-02.psz1sm9.mongodb.net:27017, ac-nfm0qxm-shard-00-00.psz1sm9.mongodb.net:27017, ac-nfm0qxm-shard-00-01.psz1sm9.mongodb.net:27017], passives=[], arbiters=[], primary='ac-nfm0qxm-shard-00-01.psz1sm9.mongodb.net:27017', tagSet=TagSet{[Tag{name='availabilityZone', value='aps1-az2'}, Tag{name='diskState', value='READY'}, Tag{name='nodeType', value='ELECTABLE'}, Tag{name='provider', value='AWS'}, Tag{name='region', value='AP_SOUTH_1'}, Tag{name='workloadType', value='OPERATIONAL'}]}, electionId=null, setVersion=302, topologyVersion=TopologyVersion{processId=692096ef1d3fc1f1d10204f8, counter=3}, lastWriteDate=Sun Nov 23 00:55:48 IST 2025, lastUpdateTimeNanos=360767560666000}
2025-11-23 00:56:29 INFO  o.a.c.c.C.[Tomcat].[localhost].[/] - Initializing Spring DispatcherServlet 'dispatcherServlet'
2025-11-23 00:56:29 INFO  o.s.web.servlet.DispatcherServlet - Initializing Servlet 'dispatcherServlet'
2025-11-23 00:56:29 INFO  o.s.web.servlet.DispatcherServlet - Completed initialization in 2 ms
2025-11-23 00:57:50 INFO  o.s.b.d.a.LocalDevToolsAutoConfiguration$RestartingClassPathChangeChangedEventListener - Restarting due to 1 class path change (0 additions, 0 deletions, 1 modification)
2025-11-23 00:57:50 INFO  o.s.b.w.e.tomcat.GracefulShutdown - Commencing graceful shutdown. Waiting for active requests to complete
2025-11-23 00:57:50 INFO  o.a.coyote.http11.Http11NioProtocol - Pausing ProtocolHandler ["http-nio-8080"]
2025-11-23 00:57:50 INFO  o.s.b.w.e.tomcat.GracefulShutdown - Graceful shutdown complete
2025-11-23 00:57:50 INFO  o.a.coyote.http11.Http11NioProtocol - Stopping ProtocolHandler ["http-nio-8080"]
2025-11-23 00:57:51 INFO  in.astik.FoodiesapiApplication - Starting FoodiesapiApplication using Java 21.0.9 with PID 34612 (D:\ASTIK_Code\SpringbootProject\foodiesapi\target\classes started by astik in D:\ASTIK_Code\SpringbootProject\foodiesapi)
2025-11-23 00:57:51 INFO  in.astik.FoodiesapiApplication - No active profile set, falling back to 1 default profile: "default"
2025-11-23 00:57:51 INFO  o.s.d.r.c.RepositoryConfigurationDelegate - Bootstrapping Spring Data MongoDB repositories in DEFAULT mode.
2025-11-23 00:57:51 INFO  o.s.d.r.c.RepositoryConfigurationDelegate - Finished Spring Data repository scanning in 20 ms. Found 3 MongoDB repository interfaces.
2025-11-23 00:57:51 INFO  o.s.b.w.e.tomcat.TomcatWebServer - Tomcat initialized with port 8080 (http)
2025-11-23 00:57:51 INFO  o.a.coyote.http11.Http11NioProtocol - Initializing ProtocolHandler ["http-nio-8080"]
2025-11-23 00:57:51 INFO  o.a.catalina.core.StandardService - Starting service [Tomcat]
2025-11-23 00:57:51 INFO  o.a.catalina.core.StandardEngine - Starting Servlet engine: [Apache Tomcat/10.1.48]
2025-11-23 00:57:51 INFO  o.a.c.c.C.[Tomcat].[localhost].[/] - Initializing Spring embedded WebApplicationContext
2025-11-23 00:57:51 INFO  o.s.b.w.s.c.ServletWebServerApplicationContext - Root WebApplicationContext: initialization completed in 498 ms
2025-11-23 00:57:51 INFO  org.mongodb.driver.client - MongoClient with metadata {"application": {"name": "Cluster0/foodies"}, "driver": {"name": "mongo-java-driver|sync|spring-boot", "version": "5.5.2"}, "os": {"type": "Windows", "name": "Windows 11", "architecture": "amd64", "version": "10.0"}, "platform": "Java/Eclipse Adoptium/21.0.9+10-LTS"} created with settings MongoClientSettings{readPreference=primary, writeConcern=WriteConcern{w=null, wTimeout=null ms, journal=null}, retryWrites=true, retryReads=true, readConcern=ReadConcern{level=null}, credential=MongoCredential{mechanism=null, userName='astik', source='admin', password=<hidden>, mechanismProperties=<hidden>}, transportSettings=null, commandListeners=[], codecRegistry=ProvidersCodecRegistry{codecProviders=[ValueCodecProvider{}, BsonValueCodecProvider{}, DBRefCodecProvider{}, DBObjectCodecProvider{}, DocumentCodecProvider{}, CollectionCodecProvider{}, IterableCodecProvider{}, MapCodecProvider{}, GeoJsonCodecProvider{}, GridFSFileCodecProvider{}, Jsr310CodecProvider{}, JsonObjectCodecProvider{}, BsonCodecProvider{}, EnumCodecProvider{}, com.mongodb.client.model.mql.ExpressionCodecProvider@61e5b0c5, com.mongodb.Jep395RecordCodecProvider@76e029ae, com.mongodb.KotlinCodecProvider@55d018a3]}, loggerSettings=LoggerSettings{maxDocumentLength=1000}, clusterSettings={hosts=[127.0.0.1:27017], srvHost=cluster0.psz1sm9.mongodb.net, srvServiceName=mongodb, mode=MULTIPLE, requiredClusterType=REPLICA_SET, requiredReplicaSetName='atlas-11vv9k-shard-0', serverSelector='null', clusterListeners='[]', serverSelectionTimeout='30000 ms', localThreshold='15 ms'}, socketSettings=SocketSettings{connectTimeoutMS=10000, readTimeoutMS=0, receiveBufferSize=0, proxySettings=ProxySettings{host=null, port=null, username=null, password=null}}, heartbeatSocketSettings=SocketSettings{connectTimeoutMS=10000, readTimeoutMS=10000, receiveBufferSize=0, proxySettings=ProxySettings{host=null, port=null, username=null, password=null}}, connectionPoolSettings=ConnectionPoolSettings{maxSize=100, minSize=0, maxWaitTimeMS=120000, maxConnectionLifeTimeMS=0, maxConnectionIdleTimeMS=0, maintenanceInitialDelayMS=0, maintenanceFrequencyMS=60000, connectionPoolListeners=[], maxConnecting=2}, serverSettings=ServerSettings{heartbeatFrequencyMS=10000, minHeartbeatFrequencyMS=500, serverMonitoringMode=AUTO, serverListeners='[]', serverMonitorListeners='[]'}, sslSettings=SslSettings{enabled=true, invalidHostNameAllowed=false, context=null}, applicationName='Cluster0/foodies', compressorList=[], uuidRepresentation=JAVA_LEGACY, serverApi=null, autoEncryptionSettings=null, dnsClient=null, inetAddressResolver=null, contextProvider=null, timeoutMS=null}
2025-11-23 00:57:51 INFO  org.mongodb.driver.cluster - Adding discovered server ac-nfm0qxm-shard-00-00.psz1sm9.mongodb.net:27017 to client view of cluster
2025-11-23 00:57:51 INFO  org.mongodb.driver.cluster - Adding discovered server ac-nfm0qxm-shard-00-02.psz1sm9.mongodb.net:27017 to client view of cluster
2025-11-23 00:57:51 INFO  org.mongodb.driver.cluster - Adding discovered server ac-nfm0qxm-shard-00-01.psz1sm9.mongodb.net:27017 to client view of cluster
2025-11-23 00:57:51 INFO  o.s.b.d.a.OptionalLiveReloadServer - LiveReload server is running on port 35729
2025-11-23 00:57:51 INFO  org.mongodb.driver.cluster - Monitor thread successfully connected to server with description ServerDescription{address=ac-nfm0qxm-shard-00-01.psz1sm9.mongodb.net:27017, type=REPLICA_SET_PRIMARY, cryptd=false, state=CONNECTED, ok=true, minWireVersion=0, maxWireVersion=25, maxDocumentSize=16777216, logicalSessionTimeoutMinutes=30, roundTripTimeNanos=68944900, minRoundTripTimeNanos=0, setName='atlas-11vv9k-shard-0', canonicalAddress=ac-nfm0qxm-shard-00-01.psz1sm9.mongodb.net:27017, hosts=[ac-nfm0qxm-shard-00-02.psz1sm9.mongodb.net:27017, ac-nfm0qxm-shard-00-00.psz1sm9.mongodb.net:27017, ac-nfm0qxm-shard-00-01.psz1sm9.mongodb.net:27017], passives=[], arbiters=[], primary='ac-nfm0qxm-shard-00-01.psz1sm9.mongodb.net:27017', tagSet=TagSet{[Tag{name='availabilityZone', value='aps1-az3'}, Tag{name='diskState', value='READY'}, Tag{name='nodeType', value='ELECTABLE'}, Tag{name='provider', value='AWS'}, Tag{name='region', value='AP_SOUTH_1'}, Tag{name='workloadType', value='OPERATIONAL'}]}, electionId=7fffffff000000000000012b, setVersion=302, topologyVersion=TopologyVersion{processId=692093ed496bf8e4882271ce, counter=6}, lastWriteDate=Sun Nov 23 00:57:51 IST 2025, lastUpdateTimeNanos=360889737841900}
2025-11-23 00:57:51 INFO  org.mongodb.driver.cluster - Discovered replica set primary ac-nfm0qxm-shard-00-01.psz1sm9.mongodb.net:27017 with max election id 7fffffff000000000000012b and max set version 302
2025-11-23 00:57:51 INFO  org.mongodb.driver.cluster - Monitor thread successfully connected to server with description ServerDescription{address=ac-nfm0qxm-shard-00-02.psz1sm9.mongodb.net:27017, type=REPLICA_SET_SECONDARY, cryptd=false, state=CONNECTED, ok=true, minWireVersion=0, maxWireVersion=25, maxDocumentSize=16777216, logicalSessionTimeoutMinutes=30, roundTripTimeNanos=107293000, minRoundTripTimeNanos=0, setName='atlas-11vv9k-shard-0', canonicalAddress=ac-nfm0qxm-shard-00-02.psz1sm9.mongodb.net:27017, hosts=[ac-nfm0qxm-shard-00-02.psz1sm9.mongodb.net:27017, ac-nfm0qxm-shard-00-00.psz1sm9.mongodb.net:27017, ac-nfm0qxm-shard-00-01.psz1sm9.mongodb.net:27017], passives=[], arbiters=[], primary='ac-nfm0qxm-shard-00-01.psz1sm9.mongodb.net:27017', tagSet=TagSet{[Tag{name='availabilityZone', value='aps1-az2'}, Tag{name='diskState', value='READY'}, Tag{name='nodeType', value='ELECTABLE'}, Tag{name='provider', value='AWS'}, Tag{name='region', value='AP_SOUTH_1'}, Tag{name='workloadType', value='OPERATIONAL'}]}, electionId=null, setVersion=302, topologyVersion=TopologyVersion{processId=692096ef1d3fc1f1d10204f8, counter=3}, lastWriteDate=Sun Nov 23 00:57:51 IST 2025, lastUpdateTimeNanos=360889769688300}
2025-11-23 00:57:51 INFO  o.s.s.c.a.a.c.InitializeUserDetailsBeanManagerConfigurer$InitializeUserDetailsManagerConfigurer - Global AuthenticationManager configured with UserDetailsService bean with name appUserDetailService
2025-11-23 00:57:52 INFO  o.a.coyote.http11.Http11NioProtocol - Starting ProtocolHandler ["http-nio-8080"]
2025-11-23 00:57:52 INFO  o.s.b.w.e.tomcat.TomcatWebServer - Tomcat started on port 8080 (http) with context path '/'
2025-11-23 00:57:52 INFO  in.astik.FoodiesapiApplication - Started FoodiesapiApplication in 1.081 seconds (process running for 129.224)
2025-11-23 00:57:52 INFO  o.s.b.d.a.ConditionEvaluationDeltaLoggingListener - Condition evaluation unchanged
2025-11-23 00:57:52 INFO  org.mongodb.driver.cluster - Monitor thread successfully connected to server with description ServerDescription{address=ac-nfm0qxm-shard-00-00.psz1sm9.mongodb.net:27017, type=REPLICA_SET_SECONDARY, cryptd=false, state=CONNECTED, ok=true, minWireVersion=0, maxWireVersion=25, maxDocumentSize=16777216, logicalSessionTimeoutMinutes=30, roundTripTimeNanos=59848800, minRoundTripTimeNanos=0, setName='atlas-11vv9k-shard-0', canonicalAddress=ac-nfm0qxm-shard-00-00.psz1sm9.mongodb.net:27017, hosts=[ac-nfm0qxm-shard-00-02.psz1sm9.mongodb.net:27017, ac-nfm0qxm-shard-00-00.psz1sm9.mongodb.net:27017, ac-nfm0qxm-shard-00-01.psz1sm9.mongodb.net:27017], passives=[], arbiters=[], primary='ac-nfm0qxm-shard-00-01.psz1sm9.mongodb.net:27017', tagSet=TagSet{[Tag{name='availabilityZone', value='aps1-az1'}, Tag{name='diskState', value='READY'}, Tag{name='nodeType', value='ELECTABLE'}, Tag{name='provider', value='AWS'}, Tag{name='region', value='AP_SOUTH_1'}, Tag{name='workloadType', value='OPERATIONAL'}]}, electionId=null, setVersion=302, topologyVersion=TopologyVersion{processId=692091c77a988d10fbbaea17, counter=4}, lastWriteDate=Sun Nov 23 00:57:52 IST 2025, lastUpdateTimeNanos=360890752470600}
2025-11-23 00:57:58 INFO  o.a.c.c.C.[Tomcat].[localhost].[/] - Initializing Spring DispatcherServlet 'dispatcherServlet'
2025-11-23 00:57:58 INFO  o.s.web.servlet.DispatcherServlet - Initializing Servlet 'dispatcherServlet'
2025-11-23 00:57:58 INFO  o.s.web.servlet.DispatcherServlet - Completed initialization in 1 ms
2025-11-23 00:58:38 INFO  o.s.b.d.a.LocalDevToolsAutoConfiguration$RestartingClassPathChangeChangedEventListener - Restarting due to 1 class path change (0 additions, 0 deletions, 1 modification)
2025-11-23 00:58:38 INFO  o.s.b.w.e.tomcat.GracefulShutdown - Commencing graceful shutdown. Waiting for active requests to complete
2025-11-23 00:58:38 INFO  o.a.coyote.http11.Http11NioProtocol - Pausing ProtocolHandler ["http-nio-8080"]
2025-11-23 00:58:38 INFO  o.s.b.w.e.tomcat.GracefulShutdown - Graceful shutdown complete
2025-11-23 00:58:38 INFO  o.a.coyote.http11.Http11NioProtocol - Stopping ProtocolHandler ["http-nio-8080"]
2025-11-23 00:58:38 INFO  in.astik.FoodiesapiApplication - Starting FoodiesapiApplication using Java 21.0.9 with PID 34612 (D:\ASTIK_Code\SpringbootProject\foodiesapi\target\classes started by astik in D:\ASTIK_Code\SpringbootProject\foodiesapi)
2025-11-23 00:58:38 INFO  in.astik.FoodiesapiApplication - No active profile set, falling back to 1 default profile: "default"
2025-11-23 00:58:39 INFO  o.s.d.r.c.RepositoryConfigurationDelegate - Bootstrapping Spring Data MongoDB repositories in DEFAULT mode.
2025-11-23 00:58:39 INFO  o.s.d.r.c.RepositoryConfigurationDelegate - Finished Spring Data repository scanning in 23 ms. Found 3 MongoDB repository interfaces.
2025-11-23 00:58:39 INFO  o.s.b.w.e.tomcat.TomcatWebServer - Tomcat initialized with port 8080 (http)
2025-11-23 00:58:39 INFO  o.a.coyote.http11.Http11NioProtocol - Initializing ProtocolHandler ["http-nio-8080"]
2025-11-23 00:58:39 INFO  o.a.catalina.core.StandardService - Starting service [Tomcat]
2025-11-23 00:58:39 INFO  o.a.catalina.core.StandardEngine - Starting Servlet engine: [Apache Tomcat/10.1.48]
2025-11-23 00:58:39 INFO  o.a.c.c.C.[Tomcat].[localhost].[/] - Initializing Spring embedded WebApplicationContext
2025-11-23 00:58:39 INFO  o.s.b.w.s.c.ServletWebServerApplicationContext - Root WebApplicationContext: initialization completed in 519 ms
2025-11-23 00:58:39 INFO  org.mongodb.driver.client - MongoClient with metadata {"application": {"name": "Cluster0/foodies"}, "driver": {"name": "mongo-java-driver|sync|spring-boot", "version": "5.5.2"}, "os": {"type": "Windows", "name": "Windows 11", "architecture": "amd64", "version": "10.0"}, "platform": "Java/Eclipse Adoptium/21.0.9+10-LTS"} created with settings MongoClientSettings{readPreference=primary, writeConcern=WriteConcern{w=null, wTimeout=null ms, journal=null}, retryWrites=true, retryReads=true, readConcern=ReadConcern{level=null}, credential=MongoCredential{mechanism=null, userName='astik', source='admin', password=<hidden>, mechanismProperties=<hidden>}, transportSettings=null, commandListeners=[], codecRegistry=ProvidersCodecRegistry{codecProviders=[ValueCodecProvider{}, BsonValueCodecProvider{}, DBRefCodecProvider{}, DBObjectCodecProvider{}, DocumentCodecProvider{}, CollectionCodecProvider{}, IterableCodecProvider{}, MapCodecProvider{}, GeoJsonCodecProvider{}, GridFSFileCodecProvider{}, Jsr310CodecProvider{}, JsonObjectCodecProvider{}, BsonCodecProvider{}, EnumCodecProvider{}, com.mongodb.client.model.mql.ExpressionCodecProvider@61e5b0c5, com.mongodb.Jep395RecordCodecProvider@76e029ae, com.mongodb.KotlinCodecProvider@55d018a3]}, loggerSettings=LoggerSettings{maxDocumentLength=1000}, clusterSettings={hosts=[127.0.0.1:27017], srvHost=cluster0.psz1sm9.mongodb.net, srvServiceName=mongodb, mode=MULTIPLE, requiredClusterType=REPLICA_SET, requiredReplicaSetName='atlas-11vv9k-shard-0', serverSelector='null', clusterListeners='[]', serverSelectionTimeout='30000 ms', localThreshold='15 ms'}, socketSettings=SocketSettings{connectTimeoutMS=10000, readTimeoutMS=0, receiveBufferSize=0, proxySettings=ProxySettings{host=null, port=null, username=null, password=null}}, heartbeatSocketSettings=SocketSettings{connectTimeoutMS=10000, readTimeoutMS=10000, receiveBufferSize=0, proxySettings=ProxySettings{host=null, port=null, username=null, password=null}}, connectionPoolSettings=ConnectionPoolSettings{maxSize=100, minSize=0, maxWaitTimeMS=120000, maxConnectionLifeTimeMS=0, maxConnectionIdleTimeMS=0, maintenanceInitialDelayMS=0, maintenanceFrequencyMS=60000, connectionPoolListeners=[], maxConnecting=2}, serverSettings=ServerSettings{heartbeatFrequencyMS=10000, minHeartbeatFrequencyMS=500, serverMonitoringMode=AUTO, serverListeners='[]', serverMonitorListeners='[]'}, sslSettings=SslSettings{enabled=true, invalidHostNameAllowed=false, context=null}, applicationName='Cluster0/foodies', compressorList=[], uuidRepresentation=JAVA_LEGACY, serverApi=null, autoEncryptionSettings=null, dnsClient=null, inetAddressResolver=null, contextProvider=null, timeoutMS=null}
2025-11-23 00:58:39 INFO  org.mongodb.driver.cluster - Adding discovered server ac-nfm0qxm-shard-00-00.psz1sm9.mongodb.net:27017 to client view of cluster
2025-11-23 00:58:39 INFO  org.mongodb.driver.cluster - Adding discovered server ac-nfm0qxm-shard-00-02.psz1sm9.mongodb.net:27017 to client view of cluster
2025-11-23 00:58:39 INFO  org.mongodb.driver.cluster - Adding discovered server ac-nfm0qxm-shard-00-01.psz1sm9.mongodb.net:27017 to client view of cluster
2025-11-23 00:58:39 INFO  o.s.b.d.a.OptionalLiveReloadServer - LiveReload server is running on port 35729
2025-11-23 00:58:39 INFO  org.mongodb.driver.cluster - Monitor thread successfully connected to server with description ServerDescription{address=ac-nfm0qxm-shard-00-01.psz1sm9.mongodb.net:27017, type=REPLICA_SET_PRIMARY, cryptd=false, state=CONNECTED, ok=true, minWireVersion=0, maxWireVersion=25, maxDocumentSize=16777216, logicalSessionTimeoutMinutes=30, roundTripTimeNanos=65166800, minRoundTripTimeNanos=0, setName='atlas-11vv9k-shard-0', canonicalAddress=ac-nfm0qxm-shard-00-01.psz1sm9.mongodb.net:27017, hosts=[ac-nfm0qxm-shard-00-02.psz1sm9.mongodb.net:27017, ac-nfm0qxm-shard-00-00.psz1sm9.mongodb.net:27017, ac-nfm0qxm-shard-00-01.psz1sm9.mongodb.net:27017], passives=[], arbiters=[], primary='ac-nfm0qxm-shard-00-01.psz1sm9.mongodb.net:27017', tagSet=TagSet{[Tag{name='availabilityZone', value='aps1-az3'}, Tag{name='diskState', value='READY'}, Tag{name='nodeType', value='ELECTABLE'}, Tag{name='provider', value='AWS'}, Tag{name='region', value='AP_SOUTH_1'}, Tag{name='workloadType', value='OPERATIONAL'}]}, electionId=7fffffff000000000000012b, setVersion=302, topologyVersion=TopologyVersion{processId=692093ed496bf8e4882271ce, counter=6}, lastWriteDate=Sun Nov 23 00:58:38 IST 2025, lastUpdateTimeNanos=360937428741600}
2025-11-23 00:58:39 INFO  org.mongodb.driver.cluster - Discovered replica set primary ac-nfm0qxm-shard-00-01.psz1sm9.mongodb.net:27017 with max election id 7fffffff000000000000012b and max set version 302
2025-11-23 00:58:39 INFO  o.s.s.c.a.a.c.InitializeUserDetailsBeanManagerConfigurer$InitializeUserDetailsManagerConfigurer - Global AuthenticationManager configured with UserDetailsService bean with name appUserDetailService
2025-11-23 00:58:39 INFO  o.a.coyote.http11.Http11NioProtocol - Starting ProtocolHandler ["http-nio-8080"]
2025-11-23 00:58:39 INFO  o.s.b.w.e.tomcat.TomcatWebServer - Tomcat started on port 8080 (http) with context path '/'
2025-11-23 00:58:39 INFO  in.astik.FoodiesapiApplication - Started FoodiesapiApplication in 1.042 seconds (process running for 176.882)
2025-11-23 00:58:39 INFO  o.s.b.d.a.ConditionEvaluationDeltaLoggingListener - Condition evaluation unchanged
2025-11-23 00:58:40 INFO  org.mongodb.driver.cluster - Monitor thread successfully connected to server with description ServerDescription{address=ac-nfm0qxm-shard-00-02.psz1sm9.mongodb.net:27017, type=REPLICA_SET_SECONDARY, cryptd=false, state=CONNECTED, ok=true, minWireVersion=0, maxWireVersion=25, maxDocumentSize=16777216, logicalSessionTimeoutMinutes=30, roundTripTimeNanos=56866500, minRoundTripTimeNanos=0, setName='atlas-11vv9k-shard-0', canonicalAddress=ac-nfm0qxm-shard-00-02.psz1sm9.mongodb.net:27017, hosts=[ac-nfm0qxm-shard-00-02.psz1sm9.mongodb.net:27017, ac-nfm0qxm-shard-00-00.psz1sm9.mongodb.net:27017, ac-nfm0qxm-shard-00-01.psz1sm9.mongodb.net:27017], passives=[], arbiters=[], primary='ac-nfm0qxm-shard-00-01.psz1sm9.mongodb.net:27017', tagSet=TagSet{[Tag{name='availabilityZone', value='aps1-az2'}, Tag{name='diskState', value='READY'}, Tag{name='nodeType', value='ELECTABLE'}, Tag{name='provider', value='AWS'}, Tag{name='region', value='AP_SOUTH_1'}, Tag{name='workloadType', value='OPERATIONAL'}]}, electionId=null, setVersion=302, topologyVersion=TopologyVersion{processId=692096ef1d3fc1f1d10204f8, counter=3}, lastWriteDate=Sun Nov 23 00:58:39 IST 2025, lastUpdateTimeNanos=360938432484600}
2025-11-23 00:58:41 INFO  org.mongodb.driver.cluster - Monitor thread successfully connected to server with description ServerDescription{address=ac-nfm0qxm-shard-00-00.psz1sm9.mongodb.net:27017, type=REPLICA_SET_SECONDARY, cryptd=false, state=CONNECTED, ok=true, minWireVersion=0, maxWireVersion=25, maxDocumentSize=16777216, logicalSessionTimeoutMinutes=30, roundTripTimeNanos=66098800, minRoundTripTimeNanos=0, setName='atlas-11vv9k-shard-0', canonicalAddress=ac-nfm0qxm-shard-00-00.psz1sm9.mongodb.net:27017, hosts=[ac-nfm0qxm-shard-00-02.psz1sm9.mongodb.net:27017, ac-nfm0qxm-shard-00-00.psz1sm9.mongodb.net:27017, ac-nfm0qxm-shard-00-01.psz1sm9.mongodb.net:27017], passives=[], arbiters=[], primary='ac-nfm0qxm-shard-00-01.psz1sm9.mongodb.net:27017', tagSet=TagSet{[Tag{name='availabilityZone', value='aps1-az1'}, Tag{name='diskState', value='READY'}, Tag{name='nodeType', value='ELECTABLE'}, Tag{name='provider', value='AWS'}, Tag{name='region', value='AP_SOUTH_1'}, Tag{name='workloadType', value='OPERATIONAL'}]}, electionId=null, setVersion=302, topologyVersion=TopologyVersion{processId=692091c77a988d10fbbaea17, counter=4}, lastWriteDate=Sun Nov 23 00:58:40 IST 2025, lastUpdateTimeNanos=360939776912400}
2025-11-23 00:59:15 INFO  o.a.c.c.C.[Tomcat].[localhost].[/] - Initializing Spring DispatcherServlet 'dispatcherServlet'
2025-11-23 00:59:15 INFO  o.s.web.servlet.DispatcherServlet - Initializing Servlet 'dispatcherServlet'
2025-11-23 00:59:15 INFO  o.s.web.servlet.DispatcherServlet - Completed initialization in 3 ms
2025-11-23 01:01:43 INFO  o.s.b.d.a.LocalDevToolsAutoConfiguration$RestartingClassPathChangeChangedEventListener - Restarting due to 1 class path change (0 additions, 0 deletions, 1 modification)
2025-11-23 01:01:43 INFO  o.s.b.w.e.tomcat.GracefulShutdown - Commencing graceful shutdown. Waiting for active requests to complete
2025-11-23 01:01:43 INFO  o.a.coyote.http11.Http11NioProtocol - Pausing ProtocolHandler ["http-nio-8080"]
2025-11-23 01:01:43 INFO  o.s.b.w.e.tomcat.GracefulShutdown - Graceful shutdown complete
2025-11-23 01:01:43 INFO  o.a.coyote.http11.Http11NioProtocol - Stopping ProtocolHandler ["http-nio-8080"]
2025-11-23 01:01:43 INFO  in.astik.FoodiesapiApplication - Starting FoodiesapiApplication using Java 21.0.9 with PID 34612 (D:\ASTIK_Code\SpringbootProject\foodiesapi\target\classes started by astik in D:\ASTIK_Code\SpringbootProject\foodiesapi)
2025-11-23 01:01:43 INFO  in.astik.FoodiesapiApplication - No active profile set, falling back to 1 default profile: "default"
2025-11-23 01:01:43 INFO  o.s.d.r.c.RepositoryConfigurationDelegate - Bootstrapping Spring Data MongoDB repositories in DEFAULT mode.
2025-11-23 01:01:43 INFO  o.s.d.r.c.RepositoryConfigurationDelegate - Finished Spring Data repository scanning in 22 ms. Found 3 MongoDB repository interfaces.
2025-11-23 01:01:44 INFO  o.s.b.w.e.tomcat.TomcatWebServer - Tomcat initialized with port 8080 (http)
2025-11-23 01:01:44 INFO  o.a.coyote.http11.Http11NioProtocol - Initializing ProtocolHandler ["http-nio-8080"]
2025-11-23 01:01:44 INFO  o.a.catalina.core.StandardService - Starting service [Tomcat]
2025-11-23 01:01:44 INFO  o.a.catalina.core.StandardEngine - Starting Servlet engine: [Apache Tomcat/10.1.48]
2025-11-23 01:01:44 INFO  o.a.c.c.C.[Tomcat].[localhost].[/] - Initializing Spring embedded WebApplicationContext
2025-11-23 01:01:44 INFO  o.s.b.w.s.c.ServletWebServerApplicationContext - Root WebApplicationContext: initialization completed in 517 ms
2025-11-23 01:01:44 INFO  org.mongodb.driver.client - MongoClient with metadata {"application": {"name": "Cluster0/foodies"}, "driver": {"name": "mongo-java-driver|sync|spring-boot", "version": "5.5.2"}, "os": {"type": "Windows", "name": "Windows 11", "architecture": "amd64", "version": "10.0"}, "platform": "Java/Eclipse Adoptium/21.0.9+10-LTS"} created with settings MongoClientSettings{readPreference=primary, writeConcern=WriteConcern{w=null, wTimeout=null ms, journal=null}, retryWrites=true, retryReads=true, readConcern=ReadConcern{level=null}, credential=MongoCredential{mechanism=null, userName='astik', source='admin', password=<hidden>, mechanismProperties=<hidden>}, transportSettings=null, commandListeners=[], codecRegistry=ProvidersCodecRegistry{codecProviders=[ValueCodecProvider{}, BsonValueCodecProvider{}, DBRefCodecProvider{}, DBObjectCodecProvider{}, DocumentCodecProvider{}, CollectionCodecProvider{}, IterableCodecProvider{}, MapCodecProvider{}, GeoJsonCodecProvider{}, GridFSFileCodecProvider{}, Jsr310CodecProvider{}, JsonObjectCodecProvider{}, BsonCodecProvider{}, EnumCodecProvider{}, com.mongodb.client.model.mql.ExpressionCodecProvider@61e5b0c5, com.mongodb.Jep395RecordCodecProvider@76e029ae, com.mongodb.KotlinCodecProvider@55d018a3]}, loggerSettings=LoggerSettings{maxDocumentLength=1000}, clusterSettings={hosts=[127.0.0.1:27017], srvHost=cluster0.psz1sm9.mongodb.net, srvServiceName=mongodb, mode=MULTIPLE, requiredClusterType=REPLICA_SET, requiredReplicaSetName='atlas-11vv9k-shard-0', serverSelector='null', clusterListeners='[]', serverSelectionTimeout='30000 ms', localThreshold='15 ms'}, socketSettings=SocketSettings{connectTimeoutMS=10000, readTimeoutMS=0, receiveBufferSize=0, proxySettings=ProxySettings{host=null, port=null, username=null, password=null}}, heartbeatSocketSettings=SocketSettings{connectTimeoutMS=10000, readTimeoutMS=10000, receiveBufferSize=0, proxySettings=ProxySettings{host=null, port=null, username=null, password=null}}, connectionPoolSettings=ConnectionPoolSettings{maxSize=100, minSize=0, maxWaitTimeMS=120000, maxConnectionLifeTimeMS=0, maxConnectionIdleTimeMS=0, maintenanceInitialDelayMS=0, maintenanceFrequencyMS=60000, connectionPoolListeners=[], maxConnecting=2}, serverSettings=ServerSettings{heartbeatFrequencyMS=10000, minHeartbeatFrequencyMS=500, serverMonitoringMode=AUTO, serverListeners='[]', serverMonitorListeners='[]'}, sslSettings=SslSettings{enabled=true, invalidHostNameAllowed=false, context=null}, applicationName='Cluster0/foodies', compressorList=[], uuidRepresentation=JAVA_LEGACY, serverApi=null, autoEncryptionSettings=null, dnsClient=null, inetAddressResolver=null, contextProvider=null, timeoutMS=null}
2025-11-23 01:01:44 INFO  org.mongodb.driver.cluster - Adding discovered server ac-nfm0qxm-shard-00-00.psz1sm9.mongodb.net:27017 to client view of cluster
2025-11-23 01:01:44 INFO  org.mongodb.driver.cluster - Adding discovered server ac-nfm0qxm-shard-00-02.psz1sm9.mongodb.net:27017 to client view of cluster
2025-11-23 01:01:44 INFO  org.mongodb.driver.cluster - Adding discovered server ac-nfm0qxm-shard-00-01.psz1sm9.mongodb.net:27017 to client view of cluster
2025-11-23 01:01:44 INFO  o.s.b.d.a.OptionalLiveReloadServer - LiveReload server is running on port 35729
2025-11-23 01:01:44 INFO  org.mongodb.driver.cluster - Monitor thread successfully connected to server with description ServerDescription{address=ac-nfm0qxm-shard-00-02.psz1sm9.mongodb.net:27017, type=REPLICA_SET_SECONDARY, cryptd=false, state=CONNECTED, ok=true, minWireVersion=0, maxWireVersion=25, maxDocumentSize=16777216, logicalSessionTimeoutMinutes=30, roundTripTimeNanos=75795600, minRoundTripTimeNanos=0, setName='atlas-11vv9k-shard-0', canonicalAddress=ac-nfm0qxm-shard-00-02.psz1sm9.mongodb.net:27017, hosts=[ac-nfm0qxm-shard-00-02.psz1sm9.mongodb.net:27017, ac-nfm0qxm-shard-00-00.psz1sm9.mongodb.net:27017, ac-nfm0qxm-shard-00-01.psz1sm9.mongodb.net:27017], passives=[], arbiters=[], primary='ac-nfm0qxm-shard-00-01.psz1sm9.mongodb.net:27017', tagSet=TagSet{[Tag{name='availabilityZone', value='aps1-az2'}, Tag{name='diskState', value='READY'}, Tag{name='nodeType', value='ELECTABLE'}, Tag{name='provider', value='AWS'}, Tag{name='region', value='AP_SOUTH_1'}, Tag{name='workloadType', value='OPERATIONAL'}]}, electionId=null, setVersion=302, topologyVersion=TopologyVersion{processId=692096ef1d3fc1f1d10204f8, counter=3}, lastWriteDate=Sun Nov 23 01:01:43 IST 2025, lastUpdateTimeNanos=361122246881300}
2025-11-23 01:01:44 INFO  org.mongodb.driver.cluster - Monitor thread successfully connected to server with description ServerDescription{address=ac-nfm0qxm-shard-00-01.psz1sm9.mongodb.net:27017, type=REPLICA_SET_PRIMARY, cryptd=false, state=CONNECTED, ok=true, minWireVersion=0, maxWireVersion=25, maxDocumentSize=16777216, logicalSessionTimeoutMinutes=30, roundTripTimeNanos=58312900, minRoundTripTimeNanos=0, setName='atlas-11vv9k-shard-0', canonicalAddress=ac-nfm0qxm-shard-00-01.psz1sm9.mongodb.net:27017, hosts=[ac-nfm0qxm-shard-00-02.psz1sm9.mongodb.net:27017, ac-nfm0qxm-shard-00-00.psz1sm9.mongodb.net:27017, ac-nfm0qxm-shard-00-01.psz1sm9.mongodb.net:27017], passives=[], arbiters=[], primary='ac-nfm0qxm-shard-00-01.psz1sm9.mongodb.net:27017', tagSet=TagSet{[Tag{name='availabilityZone', value='aps1-az3'}, Tag{name='diskState', value='READY'}, Tag{name='nodeType', value='ELECTABLE'}, Tag{name='provider', value='AWS'}, Tag{name='region', value='AP_SOUTH_1'}, Tag{name='workloadType', value='OPERATIONAL'}]}, electionId=7fffffff000000000000012b, setVersion=302, topologyVersion=TopologyVersion{processId=692093ed496bf8e4882271ce, counter=6}, lastWriteDate=Sun Nov 23 01:01:43 IST 2025, lastUpdateTimeNanos=361122250781500}
2025-11-23 01:01:44 INFO  org.mongodb.driver.cluster - Discovered replica set primary ac-nfm0qxm-shard-00-01.psz1sm9.mongodb.net:27017 with max election id 7fffffff000000000000012b and max set version 302
2025-11-23 01:01:44 INFO  o.s.s.c.a.a.c.InitializeUserDetailsBeanManagerConfigurer$InitializeUserDetailsManagerConfigurer - Global AuthenticationManager configured with UserDetailsService bean with name appUserDetailService
2025-11-23 01:01:44 INFO  o.a.coyote.http11.Http11NioProtocol - Starting ProtocolHandler ["http-nio-8080"]
2025-11-23 01:01:44 INFO  o.s.b.w.e.tomcat.TomcatWebServer - Tomcat started on port 8080 (http) with context path '/'
2025-11-23 01:01:44 INFO  in.astik.FoodiesapiApplication - Started FoodiesapiApplication in 1.032 seconds (process running for 361.668)
2025-11-23 01:01:44 INFO  o.s.b.d.a.ConditionEvaluationDeltaLoggingListener - Condition evaluation unchanged
2025-11-23 01:01:45 INFO  org.mongodb.driver.cluster - Monitor thread successfully connected to server with description ServerDescription{address=ac-nfm0qxm-shard-00-00.psz1sm9.mongodb.net:27017, type=REPLICA_SET_SECONDARY, cryptd=false, state=CONNECTED, ok=true, minWireVersion=0, maxWireVersion=25, maxDocumentSize=16777216, logicalSessionTimeoutMinutes=30, roundTripTimeNanos=56863000, minRoundTripTimeNanos=0, setName='atlas-11vv9k-shard-0', canonicalAddress=ac-nfm0qxm-shard-00-00.psz1sm9.mongodb.net:27017, hosts=[ac-nfm0qxm-shard-00-02.psz1sm9.mongodb.net:27017, ac-nfm0qxm-shard-00-00.psz1sm9.mongodb.net:27017, ac-nfm0qxm-shard-00-01.psz1sm9.mongodb.net:27017], passives=[], arbiters=[], primary='ac-nfm0qxm-shard-00-01.psz1sm9.mongodb.net:27017', tagSet=TagSet{[Tag{name='availabilityZone', value='aps1-az1'}, Tag{name='diskState', value='READY'}, Tag{name='nodeType', value='ELECTABLE'}, Tag{name='provider', value='AWS'}, Tag{name='region', value='AP_SOUTH_1'}, Tag{name='workloadType', value='OPERATIONAL'}]}, electionId=null, setVersion=302, topologyVersion=TopologyVersion{processId=692091c77a988d10fbbaea17, counter=4}, lastWriteDate=Sun Nov 23 01:01:44 IST 2025, lastUpdateTimeNanos=361123246136400}
2025-11-23 01:02:13 INFO  o.a.c.c.C.[Tomcat].[localhost].[/] - Initializing Spring DispatcherServlet 'dispatcherServlet'
2025-11-23 01:02:13 INFO  o.s.web.servlet.DispatcherServlet - Initializing Servlet 'dispatcherServlet'
2025-11-23 01:02:13 INFO  o.s.web.servlet.DispatcherServlet - Completed initialization in 1 ms
2025-11-23 01:02:47 INFO  o.s.b.d.a.LocalDevToolsAutoConfiguration$RestartingClassPathChangeChangedEventListener - Restarting due to 1 class path change (0 additions, 0 deletions, 1 modification)
2025-11-23 01:02:47 INFO  o.s.b.w.e.tomcat.GracefulShutdown - Commencing graceful shutdown. Waiting for active requests to complete
2025-11-23 01:02:47 INFO  o.a.coyote.http11.Http11NioProtocol - Pausing ProtocolHandler ["http-nio-8080"]
2025-11-23 01:02:47 INFO  o.s.b.w.e.tomcat.GracefulShutdown - Graceful shutdown complete
2025-11-23 01:02:47 INFO  o.a.coyote.http11.Http11NioProtocol - Stopping ProtocolHandler ["http-nio-8080"]
2025-11-23 01:02:47 INFO  in.astik.FoodiesapiApplication - Starting FoodiesapiApplication using Java 21.0.9 with PID 34612 (D:\ASTIK_Code\SpringbootProject\foodiesapi\target\classes started by astik in D:\ASTIK_Code\SpringbootProject\foodiesapi)
2025-11-23 01:02:47 INFO  in.astik.FoodiesapiApplication - No active profile set, falling back to 1 default profile: "default"
2025-11-23 01:02:47 INFO  o.s.d.r.c.RepositoryConfigurationDelegate - Bootstrapping Spring Data MongoDB repositories in DEFAULT mode.
2025-11-23 01:02:47 INFO  o.s.d.r.c.RepositoryConfigurationDelegate - Finished Spring Data repository scanning in 18 ms. Found 3 MongoDB repository interfaces.
2025-11-23 01:02:47 INFO  o.s.b.w.e.tomcat.TomcatWebServer - Tomcat initialized with port 8080 (http)
2025-11-23 01:02:47 INFO  o.a.coyote.http11.Http11NioProtocol - Initializing ProtocolHandler ["http-nio-8080"]
2025-11-23 01:02:47 INFO  o.a.catalina.core.StandardService - Starting service [Tomcat]
2025-11-23 01:02:47 INFO  o.a.catalina.core.StandardEngine - Starting Servlet engine: [Apache Tomcat/10.1.48]
2025-11-23 01:02:47 INFO  o.a.c.c.C.[Tomcat].[localhost].[/] - Initializing Spring embedded WebApplicationContext
2025-11-23 01:02:47 INFO  o.s.b.w.s.c.ServletWebServerApplicationContext - Root WebApplicationContext: initialization completed in 396 ms
2025-11-23 01:02:48 INFO  org.mongodb.driver.client - MongoClient with metadata {"application": {"name": "Cluster0/foodies"}, "driver": {"name": "mongo-java-driver|sync|spring-boot", "version": "5.5.2"}, "os": {"type": "Windows", "name": "Windows 11", "architecture": "amd64", "version": "10.0"}, "platform": "Java/Eclipse Adoptium/21.0.9+10-LTS"} created with settings MongoClientSettings{readPreference=primary, writeConcern=WriteConcern{w=null, wTimeout=null ms, journal=null}, retryWrites=true, retryReads=true, readConcern=ReadConcern{level=null}, credential=MongoCredential{mechanism=null, userName='astik', source='admin', password=<hidden>, mechanismProperties=<hidden>}, transportSettings=null, commandListeners=[], codecRegistry=ProvidersCodecRegistry{codecProviders=[ValueCodecProvider{}, BsonValueCodecProvider{}, DBRefCodecProvider{}, DBObjectCodecProvider{}, DocumentCodecProvider{}, CollectionCodecProvider{}, IterableCodecProvider{}, MapCodecProvider{}, GeoJsonCodecProvider{}, GridFSFileCodecProvider{}, Jsr310CodecProvider{}, JsonObjectCodecProvider{}, BsonCodecProvider{}, EnumCodecProvider{}, com.mongodb.client.model.mql.ExpressionCodecProvider@61e5b0c5, com.mongodb.Jep395RecordCodecProvider@76e029ae, com.mongodb.KotlinCodecProvider@55d018a3]}, loggerSettings=LoggerSettings{maxDocumentLength=1000}, clusterSettings={hosts=[127.0.0.1:27017], srvHost=cluster0.psz1sm9.mongodb.net, srvServiceName=mongodb, mode=MULTIPLE, requiredClusterType=REPLICA_SET, requiredReplicaSetName='atlas-11vv9k-shard-0', serverSelector='null', clusterListeners='[]', serverSelectionTimeout='30000 ms', localThreshold='15 ms'}, socketSettings=SocketSettings{connectTimeoutMS=10000, readTimeoutMS=0, receiveBufferSize=0, proxySettings=ProxySettings{host=null, port=null, username=null, password=null}}, heartbeatSocketSettings=SocketSettings{connectTimeoutMS=10000, readTimeoutMS=10000, receiveBufferSize=0, proxySettings=ProxySettings{host=null, port=null, username=null, password=null}}, connectionPoolSettings=ConnectionPoolSettings{maxSize=100, minSize=0, maxWaitTimeMS=120000, maxConnectionLifeTimeMS=0, maxConnectionIdleTimeMS=0, maintenanceInitialDelayMS=0, maintenanceFrequencyMS=60000, connectionPoolListeners=[], maxConnecting=2}, serverSettings=ServerSettings{heartbeatFrequencyMS=10000, minHeartbeatFrequencyMS=500, serverMonitoringMode=AUTO, serverListeners='[]', serverMonitorListeners='[]'}, sslSettings=SslSettings{enabled=true, invalidHostNameAllowed=false, context=null}, applicationName='Cluster0/foodies', compressorList=[], uuidRepresentation=JAVA_LEGACY, serverApi=null, autoEncryptionSettings=null, dnsClient=null, inetAddressResolver=null, contextProvider=null, timeoutMS=null}
2025-11-23 01:02:48 INFO  org.mongodb.driver.cluster - Adding discovered server ac-nfm0qxm-shard-00-00.psz1sm9.mongodb.net:27017 to client view of cluster
2025-11-23 01:02:48 INFO  org.mongodb.driver.cluster - Adding discovered server ac-nfm0qxm-shard-00-02.psz1sm9.mongodb.net:27017 to client view of cluster
2025-11-23 01:02:48 INFO  org.mongodb.driver.cluster - Adding discovered server ac-nfm0qxm-shard-00-01.psz1sm9.mongodb.net:27017 to client view of cluster
2025-11-23 01:02:48 INFO  o.s.b.d.a.OptionalLiveReloadServer - LiveReload server is running on port 35729
2025-11-23 01:02:48 INFO  org.mongodb.driver.cluster - Monitor thread successfully connected to server with description ServerDescription{address=ac-nfm0qxm-shard-00-02.psz1sm9.mongodb.net:27017, type=REPLICA_SET_SECONDARY, cryptd=false, state=CONNECTED, ok=true, minWireVersion=0, maxWireVersion=25, maxDocumentSize=16777216, logicalSessionTimeoutMinutes=30, roundTripTimeNanos=106555500, minRoundTripTimeNanos=0, setName='atlas-11vv9k-shard-0', canonicalAddress=ac-nfm0qxm-shard-00-02.psz1sm9.mongodb.net:27017, hosts=[ac-nfm0qxm-shard-00-02.psz1sm9.mongodb.net:27017, ac-nfm0qxm-shard-00-00.psz1sm9.mongodb.net:27017, ac-nfm0qxm-shard-00-01.psz1sm9.mongodb.net:27017], passives=[], arbiters=[], primary='ac-nfm0qxm-shard-00-01.psz1sm9.mongodb.net:27017', tagSet=TagSet{[Tag{name='availabilityZone', value='aps1-az2'}, Tag{name='diskState', value='READY'}, Tag{name='nodeType', value='ELECTABLE'}, Tag{name='provider', value='AWS'}, Tag{name='region', value='AP_SOUTH_1'}, Tag{name='workloadType', value='OPERATIONAL'}]}, electionId=null, setVersion=302, topologyVersion=TopologyVersion{processId=692096ef1d3fc1f1d10204f8, counter=3}, lastWriteDate=Sun Nov 23 01:02:47 IST 2025, lastUpdateTimeNanos=361186126917200}
2025-11-23 01:02:48 INFO  org.mongodb.driver.cluster - Monitor thread successfully connected to server with description ServerDescription{address=ac-nfm0qxm-shard-00-01.psz1sm9.mongodb.net:27017, type=REPLICA_SET_PRIMARY, cryptd=false, state=CONNECTED, ok=true, minWireVersion=0, maxWireVersion=25, maxDocumentSize=16777216, logicalSessionTimeoutMinutes=30, roundTripTimeNanos=108402500, minRoundTripTimeNanos=0, setName='atlas-11vv9k-shard-0', canonicalAddress=ac-nfm0qxm-shard-00-01.psz1sm9.mongodb.net:27017, hosts=[ac-nfm0qxm-shard-00-02.psz1sm9.mongodb.net:27017, ac-nfm0qxm-shard-00-00.psz1sm9.mongodb.net:27017, ac-nfm0qxm-shard-00-01.psz1sm9.mongodb.net:27017], passives=[], arbiters=[], primary='ac-nfm0qxm-shard-00-01.psz1sm9.mongodb.net:27017', tagSet=TagSet{[Tag{name='availabilityZone', value='aps1-az3'}, Tag{name='diskState', value='READY'}, Tag{name='nodeType', value='ELECTABLE'}, Tag{name='provider', value='AWS'}, Tag{name='region', value='AP_SOUTH_1'}, Tag{name='workloadType', value='OPERATIONAL'}]}, electionId=7fffffff000000000000012b, setVersion=302, topologyVersion=TopologyVersion{processId=692093ed496bf8e4882271ce, counter=6}, lastWriteDate=Sun Nov 23 01:02:47 IST 2025, lastUpdateTimeNanos=361186158968000}
2025-11-23 01:02:48 INFO  org.mongodb.driver.cluster - Discovered replica set primary ac-nfm0qxm-shard-00-01.psz1sm9.mongodb.net:27017 with max election id 7fffffff000000000000012b and max set version 302
2025-11-23 01:02:48 INFO  o.s.s.c.a.a.c.InitializeUserDetailsBeanManagerConfigurer$InitializeUserDetailsManagerConfigurer - Global AuthenticationManager configured with UserDetailsService bean with name appUserDetailService
2025-11-23 01:02:48 INFO  o.a.coyote.http11.Http11NioProtocol - Starting ProtocolHandler ["http-nio-8080"]
2025-11-23 01:02:48 INFO  o.s.b.w.e.tomcat.TomcatWebServer - Tomcat started on port 8080 (http) with context path '/'
2025-11-23 01:02:48 INFO  in.astik.FoodiesapiApplication - Started FoodiesapiApplication in 0.839 seconds (process running for 425.463)
2025-11-23 01:02:48 INFO  o.s.b.d.a.ConditionEvaluationDeltaLoggingListener - Condition evaluation unchanged
2025-11-23 01:02:49 INFO  org.mongodb.driver.cluster - Monitor thread successfully connected to server with description ServerDescription{address=ac-nfm0qxm-shard-00-00.psz1sm9.mongodb.net:27017, type=REPLICA_SET_SECONDARY, cryptd=false, state=CONNECTED, ok=true, minWireVersion=0, maxWireVersion=25, maxDocumentSize=16777216, logicalSessionTimeoutMinutes=30, roundTripTimeNanos=117749700, minRoundTripTimeNanos=0, setName='atlas-11vv9k-shard-0', canonicalAddress=ac-nfm0qxm-shard-00-00.psz1sm9.mongodb.net:27017, hosts=[ac-nfm0qxm-shard-00-02.psz1sm9.mongodb.net:27017, ac-nfm0qxm-shard-00-00.psz1sm9.mongodb.net:27017, ac-nfm0qxm-shard-00-01.psz1sm9.mongodb.net:27017], passives=[], arbiters=[], primary='ac-nfm0qxm-shard-00-01.psz1sm9.mongodb.net:27017', tagSet=TagSet{[Tag{name='availabilityZone', value='aps1-az1'}, Tag{name='diskState', value='READY'}, Tag{name='nodeType', value='ELECTABLE'}, Tag{name='provider', value='AWS'}, Tag{name='region', value='AP_SOUTH_1'}, Tag{name='workloadType', value='OPERATIONAL'}]}, electionId=null, setVersion=302, topologyVersion=TopologyVersion{processId=692091c77a988d10fbbaea17, counter=4}, lastWriteDate=Sun Nov 23 01:02:47 IST 2025, lastUpdateTimeNanos=361187172110000}
2025-11-23 01:03:08 INFO  o.s.b.a.SpringApplicationAdminMXBeanRegistrar$SpringApplicationAdmin - Application shutdown requested.
2025-11-23 01:03:08 INFO  o.s.b.w.e.tomcat.GracefulShutdown - Commencing graceful shutdown. Waiting for active requests to complete
2025-11-23 01:03:08 INFO  o.a.coyote.http11.Http11NioProtocol - Pausing ProtocolHandler ["http-nio-8080"]
2025-11-23 01:03:08 INFO  o.s.b.w.e.tomcat.GracefulShutdown - Graceful shutdown complete
2025-11-23 01:03:08 INFO  o.a.coyote.http11.Http11NioProtocol - Stopping ProtocolHandler ["http-nio-8080"]
2025-11-23 01:12:23 INFO  o.h.validator.internal.util.Version - HV000001: Hibernate Validator 8.0.3.Final
2025-11-23 01:12:23 INFO  in.astik.FoodiesapiApplication - Starting FoodiesapiApplication using Java 21.0.9 with PID 24940 (D:\ASTIK_Code\SpringbootProject\Foodies\foodiesapi\target\classes started by astik in D:\ASTIK_Code\SpringbootProject\Foodies\foodiesapi)
2025-11-23 01:12:23 INFO  in.astik.FoodiesapiApplication - No active profile set, falling back to 1 default profile: "default"
2025-11-23 01:12:23 INFO  o.s.b.d.e.DevToolsPropertyDefaultsPostProcessor - Devtools property defaults active! Set 'spring.devtools.add-properties' to 'false' to disable
2025-11-23 01:12:23 INFO  o.s.b.d.e.DevToolsPropertyDefaultsPostProcessor - For additional web related logging consider setting the 'logging.level.web' property to 'DEBUG'
2025-11-23 01:12:24 INFO  o.s.d.r.c.RepositoryConfigurationDelegate - Bootstrapping Spring Data MongoDB repositories in DEFAULT mode.
2025-11-23 01:12:24 INFO  o.s.d.r.c.RepositoryConfigurationDelegate - Finished Spring Data repository scanning in 81 ms. Found 3 MongoDB repository interfaces.
2025-11-23 01:12:25 INFO  o.s.b.w.e.tomcat.TomcatWebServer - Tomcat initialized with port 8080 (http)
2025-11-23 01:12:25 INFO  o.a.coyote.http11.Http11NioProtocol - Initializing ProtocolHandler ["http-nio-8080"]
2025-11-23 01:12:25 INFO  o.a.catalina.core.StandardService - Starting service [Tomcat]
2025-11-23 01:12:25 INFO  o.a.catalina.core.StandardEngine - Starting Servlet engine: [Apache Tomcat/10.1.48]
2025-11-23 01:12:25 INFO  o.a.c.c.C.[Tomcat].[localhost].[/] - Initializing Spring embedded WebApplicationContext
2025-11-23 01:12:25 INFO  o.s.b.w.s.c.ServletWebServerApplicationContext - Root WebApplicationContext: initialization completed in 1918 ms
2025-11-23 01:12:25 INFO  org.mongodb.driver.cluster - Adding discovered server ac-nfm0qxm-shard-00-00.psz1sm9.mongodb.net:27017 to client view of cluster
2025-11-23 01:12:25 INFO  org.mongodb.driver.client - MongoClient with metadata {"application": {"name": "Cluster0/foodies"}, "driver": {"name": "mongo-java-driver|sync|spring-boot", "version": "5.5.2"}, "os": {"type": "Windows", "name": "Windows 11", "architecture": "amd64", "version": "10.0"}, "platform": "Java/Eclipse Adoptium/21.0.9+10-LTS"} created with settings MongoClientSettings{readPreference=primary, writeConcern=WriteConcern{w=null, wTimeout=null ms, journal=null}, retryWrites=true, retryReads=true, readConcern=ReadConcern{level=null}, credential=MongoCredential{mechanism=null, userName='astik', source='admin', password=<hidden>, mechanismProperties=<hidden>}, transportSettings=null, commandListeners=[], codecRegistry=ProvidersCodecRegistry{codecProviders=[ValueCodecProvider{}, BsonValueCodecProvider{}, DBRefCodecProvider{}, DBObjectCodecProvider{}, DocumentCodecProvider{}, CollectionCodecProvider{}, IterableCodecProvider{}, MapCodecProvider{}, GeoJsonCodecProvider{}, GridFSFileCodecProvider{}, Jsr310CodecProvider{}, JsonObjectCodecProvider{}, BsonCodecProvider{}, EnumCodecProvider{}, com.mongodb.client.model.mql.ExpressionCodecProvider@69e7a54e, com.mongodb.Jep395RecordCodecProvider@121c2966, com.mongodb.KotlinCodecProvider@3bd86e00]}, loggerSettings=LoggerSettings{maxDocumentLength=1000}, clusterSettings={hosts=[127.0.0.1:27017], srvHost=cluster0.psz1sm9.mongodb.net, srvServiceName=mongodb, mode=MULTIPLE, requiredClusterType=REPLICA_SET, requiredReplicaSetName='atlas-11vv9k-shard-0', serverSelector='null', clusterListeners='[]', serverSelectionTimeout='30000 ms', localThreshold='15 ms'}, socketSettings=SocketSettings{connectTimeoutMS=10000, readTimeoutMS=0, receiveBufferSize=0, proxySettings=ProxySettings{host=null, port=null, username=null, password=null}}, heartbeatSocketSettings=SocketSettings{connectTimeoutMS=10000, readTimeoutMS=10000, receiveBufferSize=0, proxySettings=ProxySettings{host=null, port=null, username=null, password=null}}, connectionPoolSettings=ConnectionPoolSettings{maxSize=100, minSize=0, maxWaitTimeMS=120000, maxConnectionLifeTimeMS=0, maxConnectionIdleTimeMS=0, maintenanceInitialDelayMS=0, maintenanceFrequencyMS=60000, connectionPoolListeners=[], maxConnecting=2}, serverSettings=ServerSettings{heartbeatFrequencyMS=10000, minHeartbeatFrequencyMS=500, serverMonitoringMode=AUTO, serverListeners='[]', serverMonitorListeners='[]'}, sslSettings=SslSettings{enabled=true, invalidHostNameAllowed=false, context=null}, applicationName='Cluster0/foodies', compressorList=[], uuidRepresentation=JAVA_LEGACY, serverApi=null, autoEncryptionSettings=null, dnsClient=null, inetAddressResolver=null, contextProvider=null, timeoutMS=null}
2025-11-23 01:12:25 INFO  org.mongodb.driver.cluster - Adding discovered server ac-nfm0qxm-shard-00-02.psz1sm9.mongodb.net:27017 to client view of cluster
2025-11-23 01:12:25 INFO  org.mongodb.driver.cluster - Adding discovered server ac-nfm0qxm-shard-00-01.psz1sm9.mongodb.net:27017 to client view of cluster
2025-11-23 01:12:26 INFO  o.s.b.d.a.OptionalLiveReloadServer - LiveReload server is running on port 35729
2025-11-23 01:12:26 INFO  org.mongodb.driver.cluster - Monitor thread successfully connected to server with description ServerDescription{address=ac-nfm0qxm-shard-00-01.psz1sm9.mongodb.net:27017, type=REPLICA_SET_PRIMARY, cryptd=false, state=CONNECTED, ok=true, minWireVersion=0, maxWireVersion=25, maxDocumentSize=16777216, logicalSessionTimeoutMinutes=30, roundTripTimeNanos=339586900, minRoundTripTimeNanos=0, setName='atlas-11vv9k-shard-0', canonicalAddress=ac-nfm0qxm-shard-00-01.psz1sm9.mongodb.net:27017, hosts=[ac-nfm0qxm-shard-00-02.psz1sm9.mongodb.net:27017, ac-nfm0qxm-shard-00-00.psz1sm9.mongodb.net:27017, ac-nfm0qxm-shard-00-01.psz1sm9.mongodb.net:27017], passives=[], arbiters=[], primary='ac-nfm0qxm-shard-00-01.psz1sm9.mongodb.net:27017', tagSet=TagSet{[Tag{name='availabilityZone', value='aps1-az3'}, Tag{name='diskState', value='READY'}, Tag{name='nodeType', value='ELECTABLE'}, Tag{name='provider', value='AWS'}, Tag{name='region', value='AP_SOUTH_1'}, Tag{name='workloadType', value='OPERATIONAL'}]}, electionId=7fffffff000000000000012b, setVersion=302, topologyVersion=TopologyVersion{processId=692093ed496bf8e4882271ce, counter=6}, lastWriteDate=Sun Nov 23 01:12:25 IST 2025, lastUpdateTimeNanos=361764412105500}
2025-11-23 01:12:26 INFO  org.mongodb.driver.cluster - Discovered replica set primary ac-nfm0qxm-shard-00-01.psz1sm9.mongodb.net:27017 with max election id 7fffffff000000000000012b and max set version 302
2025-11-23 01:12:26 INFO  o.s.s.c.a.a.c.InitializeUserDetailsBeanManagerConfigurer$InitializeUserDetailsManagerConfigurer - Global AuthenticationManager configured with UserDetailsService bean with name appUserDetailService
2025-11-23 01:12:27 INFO  o.a.coyote.http11.Http11NioProtocol - Starting ProtocolHandler ["http-nio-8080"]
2025-11-23 01:12:27 INFO  o.s.b.w.e.tomcat.TomcatWebServer - Tomcat started on port 8080 (http) with context path '/'
2025-11-23 01:12:27 INFO  in.astik.FoodiesapiApplication - Started FoodiesapiApplication in 4.431 seconds (process running for 5.47)
2025-11-23 01:12:27 INFO  org.mongodb.driver.cluster - Monitor thread successfully connected to server with description ServerDescription{address=ac-nfm0qxm-shard-00-00.psz1sm9.mongodb.net:27017, type=REPLICA_SET_SECONDARY, cryptd=false, state=CONNECTED, ok=true, minWireVersion=0, maxWireVersion=25, maxDocumentSize=16777216, logicalSessionTimeoutMinutes=30, roundTripTimeNanos=128520000, minRoundTripTimeNanos=0, setName='atlas-11vv9k-shard-0', canonicalAddress=ac-nfm0qxm-shard-00-00.psz1sm9.mongodb.net:27017, hosts=[ac-nfm0qxm-shard-00-02.psz1sm9.mongodb.net:27017, ac-nfm0qxm-shard-00-00.psz1sm9.mongodb.net:27017, ac-nfm0qxm-shard-00-01.psz1sm9.mongodb.net:27017], passives=[], arbiters=[], primary='ac-nfm0qxm-shard-00-01.psz1sm9.mongodb.net:27017', tagSet=TagSet{[Tag{name='availabilityZone', value='aps1-az1'}, Tag{name='diskState', value='READY'}, Tag{name='nodeType', value='ELECTABLE'}, Tag{name='provider', value='AWS'}, Tag{name='region', value='AP_SOUTH_1'}, Tag{name='workloadType', value='OPERATIONAL'}]}, electionId=null, setVersion=302, topologyVersion=TopologyVersion{processId=692091c77a988d10fbbaea17, counter=4}, lastWriteDate=Sun Nov 23 01:12:26 IST 2025, lastUpdateTimeNanos=361765210363200}
2025-11-23 01:12:27 INFO  org.mongodb.driver.cluster - Monitor thread successfully connected to server with description ServerDescription{address=ac-nfm0qxm-shard-00-02.psz1sm9.mongodb.net:27017, type=REPLICA_SET_SECONDARY, cryptd=false, state=CONNECTED, ok=true, minWireVersion=0, maxWireVersion=25, maxDocumentSize=16777216, logicalSessionTimeoutMinutes=30, roundTripTimeNanos=112115800, minRoundTripTimeNanos=0, setName='atlas-11vv9k-shard-0', canonicalAddress=ac-nfm0qxm-shard-00-02.psz1sm9.mongodb.net:27017, hosts=[ac-nfm0qxm-shard-00-02.psz1sm9.mongodb.net:27017, ac-nfm0qxm-shard-00-00.psz1sm9.mongodb.net:27017, ac-nfm0qxm-shard-00-01.psz1sm9.mongodb.net:27017], passives=[], arbiters=[], primary='ac-nfm0qxm-shard-00-01.psz1sm9.mongodb.net:27017', tagSet=TagSet{[Tag{name='availabilityZone', value='aps1-az2'}, Tag{name='diskState', value='READY'}, Tag{name='nodeType', value='ELECTABLE'}, Tag{name='provider', value='AWS'}, Tag{name='region', value='AP_SOUTH_1'}, Tag{name='workloadType', value='OPERATIONAL'}]}, electionId=null, setVersion=302, topologyVersion=TopologyVersion{processId=692096ef1d3fc1f1d10204f8, counter=3}, lastWriteDate=Sun Nov 23 01:12:26 IST 2025, lastUpdateTimeNanos=361765210905900}
2025-11-23 01:12:47 INFO  o.s.b.a.SpringApplicationAdminMXBeanRegistrar$SpringApplicationAdmin - Application shutdown requested.
2025-11-23 01:12:47 INFO  o.s.b.w.e.tomcat.GracefulShutdown - Commencing graceful shutdown. Waiting for active requests to complete
2025-11-23 01:12:47 INFO  o.a.coyote.http11.Http11NioProtocol - Pausing ProtocolHandler ["http-nio-8080"]
2025-11-23 01:12:47 INFO  o.s.b.w.e.tomcat.GracefulShutdown - Graceful shutdown complete
2025-11-23 01:12:47 INFO  o.a.coyote.http11.Http11NioProtocol - Stopping ProtocolHandler ["http-nio-8080"]
